split_num: 23
Processing split 0...
Split 0 processed successfully.
Processing split 1...
Split 1 processed successfully.
Processing split 2...
Split 2 processed successfully.
Processing split 3...
Split 3 processed successfully.
Processing split 4...
Split 4 processed successfully.
Processing split 5...
Split 5 processed successfully.
Processing split 6...
Split 6 processed successfully.
Processing split 7...
Split 7 processed successfully.
Processing split 8...
Split 8 processed successfully.
Processing split 9...
Split 9 processed successfully.
Processing split 10...
Split 10 processed successfully.
Processing split 11...
Split 11 processed successfully.
Processing split 12...
Split 12 processed successfully.
Processing split 13...
Split 13 processed successfully.
Processing split 14...
Split 14 processed successfully.
Processing split 15...
Split 15 processed successfully.
Processing split 16...
Split 16 processed successfully.
Processing split 17...
Split 17 processed successfully.
Processing split 18...
Split 18 processed successfully.
Processing split 19...
Split 19 processed successfully.
Processing split 20...
Split 20 processed successfully.
Processing split 21...
Split 21 processed successfully.
Processing split 22...
Split 22 processed successfully.
All splits processed successfully.
Solutions generated and saved to _run/basic/2/1/result.json
