split_num: 10
Processing split 0...
Split 0 processed successfully.
Processing split 1...
Split 1 processed successfully.
Processing split 2...
Split 2 processed successfully.
Processing split 3...
Split 3 processed successfully.
Processing split 4...
Split 4 processed successfully.
Processing split 5...
Split 5 processed successfully.
Processing split 6...
Split 6 processed successfully.
Processing split 7...
Split 7 processed successfully.
Processing split 8...
Split 8 processed successfully.
Processing split 9...
Split 9 processed successfully.
All splits processed successfully.
Solutions generated and saved to _run/basic/12/7/result.json
