split_num: 83
Processing split 0...
Split 0 processed successfully.
Processing split 1...
Split 1 processed successfully.
Processing split 2...
Split 2 processed successfully.
Processing split 3...
Split 3 processed successfully.
Processing split 4...
Split 4 processed successfully.
Processing split 5...
Split 5 processed successfully.
Processing split 6...
Split 6 processed successfully.
Processing split 7...
Split 7 processed successfully.
Processing split 8...
Split 8 processed successfully.
Processing split 9...
Split 9 processed successfully.
Processing split 10...
Split 10 processed successfully.
Processing split 11...
Split 11 processed successfully.
Processing split 12...
Split 12 processed successfully.
Processing split 13...
Split 13 processed successfully.
Processing split 14...
Split 14 processed successfully.
Processing split 15...
Split 15 processed successfully.
Processing split 16...
Split 16 processed successfully.
Processing split 17...
Split 17 processed successfully.
Processing split 18...
Split 18 processed successfully.
Processing split 19...
Split 19 processed successfully.
Processing split 20...
Split 20 processed successfully.
Processing split 21...
Split 21 processed successfully.
Processing split 22...
Split 22 processed successfully.
Processing split 23...
Split 23 processed successfully.
Processing split 24...
Split 24 processed successfully.
Processing split 25...
Split 25 processed successfully.
Processing split 26...
Split 26 processed successfully.
Processing split 27...
Split 27 processed successfully.
Processing split 28...
Split 28 processed successfully.
Processing split 29...
Split 29 processed successfully.
Processing split 30...
Split 30 processed successfully.
Processing split 31...
Split 31 processed successfully.
Processing split 32...
Split 32 processed successfully.
Processing split 33...
Split 33 processed successfully.
Processing split 34...
Split 34 processed successfully.
Processing split 35...
Split 35 processed successfully.
Processing split 36...
Split 36 processed successfully.
Processing split 37...
Split 37 processed successfully.
Processing split 38...
Split 38 processed successfully.
Processing split 39...
Split 39 processed successfully.
Processing split 40...
Split 40 processed successfully.
Processing split 41...
Split 41 processed successfully.
Processing split 42...
Split 42 processed successfully.
Processing split 43...
Split 43 processed successfully.
Processing split 44...
Split 44 processed successfully.
Processing split 45...
Split 45 processed successfully.
Processing split 46...
Split 46 processed successfully.
Processing split 47...
Split 47 processed successfully.
Processing split 48...
Split 48 processed successfully.
Processing split 49...
Split 49 processed successfully.
Processing split 50...
Split 50 processed successfully.
Processing split 51...
Split 51 processed successfully.
Processing split 52...
Split 52 processed successfully.
Processing split 53...
Split 53 processed successfully.
Processing split 54...
Split 54 processed successfully.
Processing split 55...
Split 55 processed successfully.
Processing split 56...
Split 56 processed successfully.
Processing split 57...
Split 57 processed successfully.
Processing split 58...
Split 58 processed successfully.
Processing split 59...
Split 59 processed successfully.
Processing split 60...
Split 60 processed successfully.
Processing split 61...
Split 61 processed successfully.
Processing split 62...
Split 62 processed successfully.
Processing split 63...
Split 63 processed successfully.
Processing split 64...
Split 64 processed successfully.
Processing split 65...
Split 65 processed successfully.
Processing split 66...
Split 66 processed successfully.
Processing split 67...
Split 67 processed successfully.
Processing split 68...
Split 68 processed successfully.
Processing split 69...
Split 69 processed successfully.
Processing split 70...
Split 70 processed successfully.
Processing split 71...
Split 71 processed successfully.
Processing split 72...
Split 72 processed successfully.
Processing split 73...
Split 73 processed successfully.
Processing split 74...
Split 74 processed successfully.
Processing split 75...
Split 75 processed successfully.
Processing split 76...
Split 76 processed successfully.
Processing split 77...
Split 77 processed successfully.
Processing split 78...
Split 78 processed successfully.
Processing split 79...
Split 79 processed successfully.
Processing split 80...
Split 80 processed successfully.
Processing split 81...
Split 81 processed successfully.
Processing split 82...
Split 82 processed successfully.
All splits processed successfully.
Solutions generated and saved to _run/opt1/1/2/result.json
