split_num: 13
Processing split 0...
DP calculated for output node.
 Odd paths: 3.9515e+17, Even paths: 3.9515e+17
Split 0 processed successfully.
Processing split 1...
DP calculated for output node.
 Odd paths: 0, Even paths: 1
Split 1 processed successfully.
Processing split 2...
DP calculated for output node.
 Odd paths: 0, Even paths: 3
Split 2 processed successfully.
Processing split 3...
DP calculated for output node.
 Odd paths: 0, Even paths: 1
Split 3 processed successfully.
Processing split 4...
DP calculated for output node.
 Odd paths: 0, Even paths: 91
Split 4 processed successfully.
Processing split 5...
DP calculated for output node.
 Odd paths: 0, Even paths: 46
Split 5 processed successfully.
Processing split 6...
DP calculated for output node.
 Odd paths: 0, Even paths: 1
Split 6 processed successfully.
Processing split 7...
DP calculated for output node.
 Odd paths: 11, Even paths: 69
Split 7 processed successfully.
Processing split 8...
DP calculated for output node.
 Odd paths: 0, Even paths: 1
Split 8 processed successfully.
Processing split 9...
DP calculated for output node.
 Odd paths: 0, Even paths: 1
Split 9 processed successfully.
Processing split 10...
DP calculated for output node.
 Odd paths: 4, Even paths: 13
Split 10 processed successfully.
Processing split 11...
DP calculated for output node.
 Odd paths: 0, Even paths: 1
Split 11 processed successfully.
Processing split 12...
DP calculated for output node.
 Odd paths: 0, Even paths: 3
Split 12 processed successfully.
All splits processed successfully.
Solutions generated and saved to _run/basic/3/8/result.json
