split_num: 9
Processing split 0...
DP calculated for output node.
 Odd paths: 1.66386e+24, Even paths: 1.66386e+24
Split 0 processed successfully.
Processing split 1...
DP calculated for output node.
 Odd paths: 0, Even paths: 1
Split 1 processed successfully.
Processing split 2...
DP calculated for output node.
 Odd paths: 0, Even paths: 1
Split 2 processed successfully.
Processing split 3...
DP calculated for output node.
 Odd paths: 0, Even paths: 1
Split 3 processed successfully.
Processing split 4...
DP calculated for output node.
 Odd paths: 0, Even paths: 1
Split 4 processed successfully.
Processing split 5...
DP calculated for output node.
 Odd paths: 0, Even paths: 62
Split 5 processed successfully.
Processing split 6...
DP calculated for output node.
 Odd paths: 0, Even paths: 1
Split 6 processed successfully.
Processing split 7...
DP calculated for output node.
 Odd paths: 0, Even paths: 1
Split 7 processed successfully.
Processing split 8...
DP calculated for output node.
 Odd paths: 0, Even paths: 1
Split 8 processed successfully.
All splits processed successfully.
Solutions generated and saved to _run/opt1/0/0/result.json
